<?xml version="1.0" encoding="UTF-8"?>
<!-- Generated by org.testng.reporters.JUnitReportReporter -->
<testsuite skipped="0" hostname="DESKTOP-DMFOMA2" name="Scripts.TestCase10" tests="1" failures="0" timestamp="21 Jun 2018 10:59:52 GMT" time="94.654" errors="0">
  <testcase name="testingScript" time="94.654" classname="Scripts.TestCase10"/>
</testsuite> <!-- Scripts.TestCase10 -->
