<?xml version="1.0" encoding="UTF-8"?>
<!-- Generated by org.testng.reporters.JUnitReportReporter -->
<testsuite skipped="0" hostname="DESKTOP-DMFOMA2" name="Scripts.TestCase9" tests="1" failures="0" timestamp="21 Jun 2018 10:19:38 GMT" time="59.519" errors="0">
  <testcase name="testingScript" time="59.519" classname="Scripts.TestCase9"/>
</testsuite> <!-- Scripts.TestCase9 -->
