<?xml version="1.0" encoding="UTF-8"?>
<!-- Generated by org.testng.reporters.JUnitReportReporter -->
<testsuite skipped="0" hostname="DESKTOP-DMFOMA2" name="Scripts.CheckNotification" tests="1" failures="0" timestamp="22 Jun 2018 06:31:57 GMT" time="63.580" errors="0">
  <testcase name="testingScript" time="63.580" classname="Scripts.CheckNotification"/>
</testsuite> <!-- Scripts.CheckNotification -->
