<?xml version="1.0" encoding="UTF-8"?>
<!-- Generated by org.testng.reporters.JUnitReportReporter -->
<testsuite skipped="0" hostname="DESKTOP-DMFOMA2" name="Scripts.RemoveProductfromWishList" tests="1" failures="0" timestamp="22 Jun 2018 06:56:04 GMT" time="69.812" errors="0">
  <testcase name="testingScripts" time="69.812" classname="Scripts.RemoveProductfromWishList"/>
</testsuite> <!-- Scripts.RemoveProductfromWishList -->
