<?xml version="1.0" encoding="UTF-8"?>
<!-- Generated by org.testng.reporters.JUnitReportReporter -->
<testsuite skipped="0" hostname="DESKTOP-DMFOMA2" name="Scripts.SearchProduct" tests="1" failures="0" timestamp="22 Jun 2018 08:53:41 GMT" time="85.318" errors="0">
  <testcase name="testingScript" time="85.318" classname="Scripts.SearchProduct"/>
</testsuite> <!-- Scripts.SearchProduct -->
